2015-01-10 23:28:09,300 [118] Orchard.Environment.DefaultBuildManager - (null) - Error when compiling assembly under ~/Modules/SoftIT.HouseParty/SoftIT.HouseParty.csproj.
System.Web.HttpCompileException (0x80004005): e:\GitHub\HouseParty\src\Orchard.Web\Modules\SoftIT.HouseParty\Handlers\PartyPartHandler.cs(24): error CS1061: 'SoftIT.HouseParty.Models.PartyPart' does not contain a definition for 'OrganizerField' and no extension method 'OrganizerField' accepting a first argument of type 'SoftIT.HouseParty.Models.PartyPart' could be found (are you missing a using directive or an assembly reference?)
   at System.Web.Compilation.AssemblyBuilder.Compile()
   at System.Web.Compilation.BuildProvidersCompiler.PerformBuild()
   at System.Web.Compilation.BuildManager.CompileWebFile(VirtualPath virtualPath)
   at System.Web.Compilation.BuildManager.GetVPathBuildResultInternal(VirtualPath virtualPath, Boolean noBuild, Boolean allowCrossApp, Boolean allowBuildInPrecompile, Boolean throwIfNotFound, Boolean ensureIsUpToDate)
   at System.Web.Compilation.BuildManager.GetVPathBuildResultWithNoAssert(HttpContext context, VirtualPath virtualPath, Boolean noBuild, Boolean allowCrossApp, Boolean allowBuildInPrecompile, Boolean throwIfNotFound, Boolean ensureIsUpToDate)
   at System.Web.Compilation.BuildManager.GetVPathBuildResult(HttpContext context, VirtualPath virtualPath, Boolean noBuild, Boolean allowCrossApp, Boolean allowBuildInPrecompile, Boolean ensureIsUpToDate)
   at System.Web.Compilation.BuildManager.GetCompiledAssembly(String virtualPath)
   at Orchard.Environment.DefaultBuildManager.GetCompiledAssembly(String virtualPath) in e:\GitHub\HouseParty\src\Orchard\Environment\IBuildManager.cs:line 53
2015-01-10 23:28:09,354 [118] Orchard.Environment.DefaultBuildManager - (null) - Error when compiling assembly under ~/Modules/SoftIT.HouseParty/SoftIT.HouseParty.csproj.
System.Web.HttpCompileException (0x80004005): e:\GitHub\HouseParty\src\Orchard.Web\Modules\SoftIT.HouseParty\Handlers\PartyPartHandler.cs(24): error CS1061: 'SoftIT.HouseParty.Models.PartyPart' does not contain a definition for 'OrganizerField' and no extension method 'OrganizerField' accepting a first argument of type 'SoftIT.HouseParty.Models.PartyPart' could be found (are you missing a using directive or an assembly reference?)
   at System.Web.Compilation.BuildManager.PostProcessFoundBuildResult(BuildResult result, Boolean keyFromVPP, VirtualPath virtualPath)
   at System.Web.Compilation.BuildManager.GetBuildResultFromCacheInternal(String cacheKey, Boolean keyFromVPP, VirtualPath virtualPath, Int64 hashCode, Boolean ensureIsUpToDate)
   at System.Web.Compilation.BuildManager.GetVPathBuildResultFromCacheInternal(VirtualPath virtualPath, Boolean ensureIsUpToDate)
   at System.Web.Compilation.BuildManager.GetVPathBuildResultInternal(VirtualPath virtualPath, Boolean noBuild, Boolean allowCrossApp, Boolean allowBuildInPrecompile, Boolean throwIfNotFound, Boolean ensureIsUpToDate)
   at System.Web.Compilation.BuildManager.GetVPathBuildResultWithNoAssert(HttpContext context, VirtualPath virtualPath, Boolean noBuild, Boolean allowCrossApp, Boolean allowBuildInPrecompile, Boolean throwIfNotFound, Boolean ensureIsUpToDate)
   at System.Web.Compilation.BuildManager.GetVPathBuildResult(HttpContext context, VirtualPath virtualPath, Boolean noBuild, Boolean allowCrossApp, Boolean allowBuildInPrecompile, Boolean ensureIsUpToDate)
   at System.Web.Compilation.BuildManager.GetCompiledAssembly(String virtualPath)
   at Orchard.Environment.DefaultBuildManager.GetCompiledAssembly(String virtualPath) in e:\GitHub\HouseParty\src\Orchard\Environment\IBuildManager.cs:line 53
2015-01-10 23:28:10,076 [118] Orchard.Environment.DefaultBuildManager - (null) - Error when compiling assembly under ~/Modules/SoftIT.HouseParty/SoftIT.HouseParty.csproj.
System.Web.HttpCompileException (0x80004005): e:\GitHub\HouseParty\src\Orchard.Web\Modules\SoftIT.HouseParty\Handlers\PartyPartHandler.cs(24): error CS1061: 'SoftIT.HouseParty.Models.PartyPart' does not contain a definition for 'OrganizerField' and no extension method 'OrganizerField' accepting a first argument of type 'SoftIT.HouseParty.Models.PartyPart' could be found (are you missing a using directive or an assembly reference?)
   at System.Web.Compilation.BuildManager.PostProcessFoundBuildResult(BuildResult result, Boolean keyFromVPP, VirtualPath virtualPath)
   at System.Web.Compilation.BuildManager.GetBuildResultFromCacheInternal(String cacheKey, Boolean keyFromVPP, VirtualPath virtualPath, Int64 hashCode, Boolean ensureIsUpToDate)
   at System.Web.Compilation.BuildManager.GetVPathBuildResultFromCacheInternal(VirtualPath virtualPath, Boolean ensureIsUpToDate)
   at System.Web.Compilation.BuildManager.GetVPathBuildResultInternal(VirtualPath virtualPath, Boolean noBuild, Boolean allowCrossApp, Boolean allowBuildInPrecompile, Boolean throwIfNotFound, Boolean ensureIsUpToDate)
   at System.Web.Compilation.BuildManager.GetVPathBuildResultWithNoAssert(HttpContext context, VirtualPath virtualPath, Boolean noBuild, Boolean allowCrossApp, Boolean allowBuildInPrecompile, Boolean throwIfNotFound, Boolean ensureIsUpToDate)
   at System.Web.Compilation.BuildManager.GetVPathBuildResult(HttpContext context, VirtualPath virtualPath, Boolean noBuild, Boolean allowCrossApp, Boolean allowBuildInPrecompile, Boolean ensureIsUpToDate)
   at System.Web.Compilation.BuildManager.GetCompiledAssembly(String virtualPath)
   at Orchard.Environment.DefaultBuildManager.GetCompiledAssembly(String virtualPath) in e:\GitHub\HouseParty\src\Orchard\Environment\IBuildManager.cs:line 53
2015-01-10 23:28:10,084 [118] Orchard.Environment.DefaultBuildManager - (null) - Error when compiling assembly under ~/Modules/SoftIT.HouseParty/SoftIT.HouseParty.csproj.
System.Web.HttpCompileException (0x80004005): e:\GitHub\HouseParty\src\Orchard.Web\Modules\SoftIT.HouseParty\Handlers\PartyPartHandler.cs(24): error CS1061: 'SoftIT.HouseParty.Models.PartyPart' does not contain a definition for 'OrganizerField' and no extension method 'OrganizerField' accepting a first argument of type 'SoftIT.HouseParty.Models.PartyPart' could be found (are you missing a using directive or an assembly reference?)
   at System.Web.Compilation.BuildManager.PostProcessFoundBuildResult(BuildResult result, Boolean keyFromVPP, VirtualPath virtualPath)
   at System.Web.Compilation.BuildManager.GetBuildResultFromCacheInternal(String cacheKey, Boolean keyFromVPP, VirtualPath virtualPath, Int64 hashCode, Boolean ensureIsUpToDate)
   at System.Web.Compilation.BuildManager.GetVPathBuildResultFromCacheInternal(VirtualPath virtualPath, Boolean ensureIsUpToDate)
   at System.Web.Compilation.BuildManager.GetVPathBuildResultInternal(VirtualPath virtualPath, Boolean noBuild, Boolean allowCrossApp, Boolean allowBuildInPrecompile, Boolean throwIfNotFound, Boolean ensureIsUpToDate)
   at System.Web.Compilation.BuildManager.GetVPathBuildResultWithNoAssert(HttpContext context, VirtualPath virtualPath, Boolean noBuild, Boolean allowCrossApp, Boolean allowBuildInPrecompile, Boolean throwIfNotFound, Boolean ensureIsUpToDate)
   at System.Web.Compilation.BuildManager.GetVPathBuildResult(HttpContext context, VirtualPath virtualPath, Boolean noBuild, Boolean allowCrossApp, Boolean allowBuildInPrecompile, Boolean ensureIsUpToDate)
   at System.Web.Compilation.BuildManager.GetCompiledAssembly(String virtualPath)
   at Orchard.Environment.DefaultBuildManager.GetCompiledAssembly(String virtualPath) in e:\GitHub\HouseParty\src\Orchard\Environment\IBuildManager.cs:line 53
2015-01-10 23:28:10,095 [118] Orchard.Environment.DefaultBuildManager - (null) - Error when compiling assembly under ~/Modules/SoftIT.HouseParty/SoftIT.HouseParty.csproj.
System.Web.HttpCompileException (0x80004005): e:\GitHub\HouseParty\src\Orchard.Web\Modules\SoftIT.HouseParty\Handlers\PartyPartHandler.cs(24): error CS1061: 'SoftIT.HouseParty.Models.PartyPart' does not contain a definition for 'OrganizerField' and no extension method 'OrganizerField' accepting a first argument of type 'SoftIT.HouseParty.Models.PartyPart' could be found (are you missing a using directive or an assembly reference?)
   at System.Web.Compilation.BuildManager.PostProcessFoundBuildResult(BuildResult result, Boolean keyFromVPP, VirtualPath virtualPath)
   at System.Web.Compilation.BuildManager.GetBuildResultFromCacheInternal(String cacheKey, Boolean keyFromVPP, VirtualPath virtualPath, Int64 hashCode, Boolean ensureIsUpToDate)
   at System.Web.Compilation.BuildManager.GetVPathBuildResultFromCacheInternal(VirtualPath virtualPath, Boolean ensureIsUpToDate)
   at System.Web.Compilation.BuildManager.GetVPathBuildResultInternal(VirtualPath virtualPath, Boolean noBuild, Boolean allowCrossApp, Boolean allowBuildInPrecompile, Boolean throwIfNotFound, Boolean ensureIsUpToDate)
   at System.Web.Compilation.BuildManager.GetVPathBuildResultWithNoAssert(HttpContext context, VirtualPath virtualPath, Boolean noBuild, Boolean allowCrossApp, Boolean allowBuildInPrecompile, Boolean throwIfNotFound, Boolean ensureIsUpToDate)
   at System.Web.Compilation.BuildManager.GetVPathBuildResult(HttpContext context, VirtualPath virtualPath, Boolean noBuild, Boolean allowCrossApp, Boolean allowBuildInPrecompile, Boolean ensureIsUpToDate)
   at System.Web.Compilation.BuildManager.GetCompiledAssembly(String virtualPath)
   at Orchard.Environment.DefaultBuildManager.GetCompiledAssembly(String virtualPath) in e:\GitHub\HouseParty\src\Orchard\Environment\IBuildManager.cs:line 53
2015-01-10 23:28:10,103 [118] Orchard.Environment.DefaultBuildManager - (null) - Error when compiling assembly under ~/Modules/SoftIT.HouseParty/SoftIT.HouseParty.csproj.
System.Web.HttpCompileException (0x80004005): e:\GitHub\HouseParty\src\Orchard.Web\Modules\SoftIT.HouseParty\Handlers\PartyPartHandler.cs(24): error CS1061: 'SoftIT.HouseParty.Models.PartyPart' does not contain a definition for 'OrganizerField' and no extension method 'OrganizerField' accepting a first argument of type 'SoftIT.HouseParty.Models.PartyPart' could be found (are you missing a using directive or an assembly reference?)
   at System.Web.Compilation.BuildManager.PostProcessFoundBuildResult(BuildResult result, Boolean keyFromVPP, VirtualPath virtualPath)
   at System.Web.Compilation.BuildManager.GetBuildResultFromCacheInternal(String cacheKey, Boolean keyFromVPP, VirtualPath virtualPath, Int64 hashCode, Boolean ensureIsUpToDate)
   at System.Web.Compilation.BuildManager.GetVPathBuildResultFromCacheInternal(VirtualPath virtualPath, Boolean ensureIsUpToDate)
   at System.Web.Compilation.BuildManager.GetVPathBuildResultInternal(VirtualPath virtualPath, Boolean noBuild, Boolean allowCrossApp, Boolean allowBuildInPrecompile, Boolean throwIfNotFound, Boolean ensureIsUpToDate)
   at System.Web.Compilation.BuildManager.GetVPathBuildResultWithNoAssert(HttpContext context, VirtualPath virtualPath, Boolean noBuild, Boolean allowCrossApp, Boolean allowBuildInPrecompile, Boolean throwIfNotFound, Boolean ensureIsUpToDate)
   at System.Web.Compilation.BuildManager.GetVPathBuildResult(HttpContext context, VirtualPath virtualPath, Boolean noBuild, Boolean allowCrossApp, Boolean allowBuildInPrecompile, Boolean ensureIsUpToDate)
   at System.Web.Compilation.BuildManager.GetCompiledAssembly(String virtualPath)
   at Orchard.Environment.DefaultBuildManager.GetCompiledAssembly(String virtualPath) in e:\GitHub\HouseParty\src\Orchard\Environment\IBuildManager.cs:line 53
2015-01-10 23:28:10,110 [118] Orchard.Environment.DefaultBuildManager - (null) - Error when compiling assembly under ~/Modules/SoftIT.HouseParty/SoftIT.HouseParty.csproj.
System.Web.HttpCompileException (0x80004005): e:\GitHub\HouseParty\src\Orchard.Web\Modules\SoftIT.HouseParty\Handlers\PartyPartHandler.cs(24): error CS1061: 'SoftIT.HouseParty.Models.PartyPart' does not contain a definition for 'OrganizerField' and no extension method 'OrganizerField' accepting a first argument of type 'SoftIT.HouseParty.Models.PartyPart' could be found (are you missing a using directive or an assembly reference?)
   at System.Web.Compilation.BuildManager.PostProcessFoundBuildResult(BuildResult result, Boolean keyFromVPP, VirtualPath virtualPath)
   at System.Web.Compilation.BuildManager.GetBuildResultFromCacheInternal(String cacheKey, Boolean keyFromVPP, VirtualPath virtualPath, Int64 hashCode, Boolean ensureIsUpToDate)
   at System.Web.Compilation.BuildManager.GetVPathBuildResultFromCacheInternal(VirtualPath virtualPath, Boolean ensureIsUpToDate)
   at System.Web.Compilation.BuildManager.GetVPathBuildResultInternal(VirtualPath virtualPath, Boolean noBuild, Boolean allowCrossApp, Boolean allowBuildInPrecompile, Boolean throwIfNotFound, Boolean ensureIsUpToDate)
   at System.Web.Compilation.BuildManager.GetVPathBuildResultWithNoAssert(HttpContext context, VirtualPath virtualPath, Boolean noBuild, Boolean allowCrossApp, Boolean allowBuildInPrecompile, Boolean throwIfNotFound, Boolean ensureIsUpToDate)
   at System.Web.Compilation.BuildManager.GetVPathBuildResult(HttpContext context, VirtualPath virtualPath, Boolean noBuild, Boolean allowCrossApp, Boolean allowBuildInPrecompile, Boolean ensureIsUpToDate)
   at System.Web.Compilation.BuildManager.GetCompiledAssembly(String virtualPath)
   at Orchard.Environment.DefaultBuildManager.GetCompiledAssembly(String virtualPath) in e:\GitHub\HouseParty\src\Orchard\Environment\IBuildManager.cs:line 53
2015-01-10 23:28:10,118 [118] Orchard.Environment.DefaultBuildManager - (null) - Error when compiling assembly under ~/Modules/SoftIT.HouseParty/SoftIT.HouseParty.csproj.
System.Web.HttpCompileException (0x80004005): e:\GitHub\HouseParty\src\Orchard.Web\Modules\SoftIT.HouseParty\Handlers\PartyPartHandler.cs(24): error CS1061: 'SoftIT.HouseParty.Models.PartyPart' does not contain a definition for 'OrganizerField' and no extension method 'OrganizerField' accepting a first argument of type 'SoftIT.HouseParty.Models.PartyPart' could be found (are you missing a using directive or an assembly reference?)
   at System.Web.Compilation.BuildManager.PostProcessFoundBuildResult(BuildResult result, Boolean keyFromVPP, VirtualPath virtualPath)
   at System.Web.Compilation.BuildManager.GetBuildResultFromCacheInternal(String cacheKey, Boolean keyFromVPP, VirtualPath virtualPath, Int64 hashCode, Boolean ensureIsUpToDate)
   at System.Web.Compilation.BuildManager.GetVPathBuildResultFromCacheInternal(VirtualPath virtualPath, Boolean ensureIsUpToDate)
   at System.Web.Compilation.BuildManager.GetVPathBuildResultInternal(VirtualPath virtualPath, Boolean noBuild, Boolean allowCrossApp, Boolean allowBuildInPrecompile, Boolean throwIfNotFound, Boolean ensureIsUpToDate)
   at System.Web.Compilation.BuildManager.GetVPathBuildResultWithNoAssert(HttpContext context, VirtualPath virtualPath, Boolean noBuild, Boolean allowCrossApp, Boolean allowBuildInPrecompile, Boolean throwIfNotFound, Boolean ensureIsUpToDate)
   at System.Web.Compilation.BuildManager.GetVPathBuildResult(HttpContext context, VirtualPath virtualPath, Boolean noBuild, Boolean allowCrossApp, Boolean allowBuildInPrecompile, Boolean ensureIsUpToDate)
   at System.Web.Compilation.BuildManager.GetCompiledAssembly(String virtualPath)
   at Orchard.Environment.DefaultBuildManager.GetCompiledAssembly(String virtualPath) in e:\GitHub\HouseParty\src\Orchard\Environment\IBuildManager.cs:line 53
2015-01-10 23:28:10,133 [118] Orchard.Environment.DefaultBuildManager - (null) - Error when compiling assembly under ~/Modules/SoftIT.HouseParty/SoftIT.HouseParty.csproj.
System.Web.HttpCompileException (0x80004005): e:\GitHub\HouseParty\src\Orchard.Web\Modules\SoftIT.HouseParty\Handlers\PartyPartHandler.cs(24): error CS1061: 'SoftIT.HouseParty.Models.PartyPart' does not contain a definition for 'OrganizerField' and no extension method 'OrganizerField' accepting a first argument of type 'SoftIT.HouseParty.Models.PartyPart' could be found (are you missing a using directive or an assembly reference?)
   at System.Web.Compilation.BuildManager.PostProcessFoundBuildResult(BuildResult result, Boolean keyFromVPP, VirtualPath virtualPath)
   at System.Web.Compilation.BuildManager.GetBuildResultFromCacheInternal(String cacheKey, Boolean keyFromVPP, VirtualPath virtualPath, Int64 hashCode, Boolean ensureIsUpToDate)
   at System.Web.Compilation.BuildManager.GetVPathBuildResultFromCacheInternal(VirtualPath virtualPath, Boolean ensureIsUpToDate)
   at System.Web.Compilation.BuildManager.GetVPathBuildResultInternal(VirtualPath virtualPath, Boolean noBuild, Boolean allowCrossApp, Boolean allowBuildInPrecompile, Boolean throwIfNotFound, Boolean ensureIsUpToDate)
   at System.Web.Compilation.BuildManager.GetVPathBuildResultWithNoAssert(HttpContext context, VirtualPath virtualPath, Boolean noBuild, Boolean allowCrossApp, Boolean allowBuildInPrecompile, Boolean throwIfNotFound, Boolean ensureIsUpToDate)
   at System.Web.Compilation.BuildManager.GetVPathBuildResult(HttpContext context, VirtualPath virtualPath, Boolean noBuild, Boolean allowCrossApp, Boolean allowBuildInPrecompile, Boolean ensureIsUpToDate)
   at System.Web.Compilation.BuildManager.GetCompiledAssembly(String virtualPath)
   at Orchard.Environment.DefaultBuildManager.GetCompiledAssembly(String virtualPath) in e:\GitHub\HouseParty\src\Orchard\Environment\IBuildManager.cs:line 53
2015-01-10 23:28:10,142 [118] Orchard.Environment.DefaultBuildManager - (null) - Error when compiling assembly under ~/Modules/SoftIT.HouseParty/SoftIT.HouseParty.csproj.
System.Web.HttpCompileException (0x80004005): e:\GitHub\HouseParty\src\Orchard.Web\Modules\SoftIT.HouseParty\Handlers\PartyPartHandler.cs(24): error CS1061: 'SoftIT.HouseParty.Models.PartyPart' does not contain a definition for 'OrganizerField' and no extension method 'OrganizerField' accepting a first argument of type 'SoftIT.HouseParty.Models.PartyPart' could be found (are you missing a using directive or an assembly reference?)
   at System.Web.Compilation.BuildManager.PostProcessFoundBuildResult(BuildResult result, Boolean keyFromVPP, VirtualPath virtualPath)
   at System.Web.Compilation.BuildManager.GetBuildResultFromCacheInternal(String cacheKey, Boolean keyFromVPP, VirtualPath virtualPath, Int64 hashCode, Boolean ensureIsUpToDate)
   at System.Web.Compilation.BuildManager.GetVPathBuildResultFromCacheInternal(VirtualPath virtualPath, Boolean ensureIsUpToDate)
   at System.Web.Compilation.BuildManager.GetVPathBuildResultInternal(VirtualPath virtualPath, Boolean noBuild, Boolean allowCrossApp, Boolean allowBuildInPrecompile, Boolean throwIfNotFound, Boolean ensureIsUpToDate)
   at System.Web.Compilation.BuildManager.GetVPathBuildResultWithNoAssert(HttpContext context, VirtualPath virtualPath, Boolean noBuild, Boolean allowCrossApp, Boolean allowBuildInPrecompile, Boolean throwIfNotFound, Boolean ensureIsUpToDate)
   at System.Web.Compilation.BuildManager.GetVPathBuildResult(HttpContext context, VirtualPath virtualPath, Boolean noBuild, Boolean allowCrossApp, Boolean allowBuildInPrecompile, Boolean ensureIsUpToDate)
   at System.Web.Compilation.BuildManager.GetCompiledAssembly(String virtualPath)
   at Orchard.Environment.DefaultBuildManager.GetCompiledAssembly(String virtualPath) in e:\GitHub\HouseParty\src\Orchard\Environment\IBuildManager.cs:line 53
2015-01-10 23:28:10,159 [118] Orchard.Environment.DefaultBuildManager - (null) - Error when compiling assembly under ~/Modules/SoftIT.HouseParty/SoftIT.HouseParty.csproj.
System.Web.HttpCompileException (0x80004005): e:\GitHub\HouseParty\src\Orchard.Web\Modules\SoftIT.HouseParty\Handlers\PartyPartHandler.cs(24): error CS1061: 'SoftIT.HouseParty.Models.PartyPart' does not contain a definition for 'OrganizerField' and no extension method 'OrganizerField' accepting a first argument of type 'SoftIT.HouseParty.Models.PartyPart' could be found (are you missing a using directive or an assembly reference?)
   at System.Web.Compilation.BuildManager.PostProcessFoundBuildResult(BuildResult result, Boolean keyFromVPP, VirtualPath virtualPath)
   at System.Web.Compilation.BuildManager.GetBuildResultFromCacheInternal(String cacheKey, Boolean keyFromVPP, VirtualPath virtualPath, Int64 hashCode, Boolean ensureIsUpToDate)
   at System.Web.Compilation.BuildManager.GetVPathBuildResultFromCacheInternal(VirtualPath virtualPath, Boolean ensureIsUpToDate)
   at System.Web.Compilation.BuildManager.GetVPathBuildResultInternal(VirtualPath virtualPath, Boolean noBuild, Boolean allowCrossApp, Boolean allowBuildInPrecompile, Boolean throwIfNotFound, Boolean ensureIsUpToDate)
   at System.Web.Compilation.BuildManager.GetVPathBuildResultWithNoAssert(HttpContext context, VirtualPath virtualPath, Boolean noBuild, Boolean allowCrossApp, Boolean allowBuildInPrecompile, Boolean throwIfNotFound, Boolean ensureIsUpToDate)
   at System.Web.Compilation.BuildManager.GetVPathBuildResult(HttpContext context, VirtualPath virtualPath, Boolean noBuild, Boolean allowCrossApp, Boolean allowBuildInPrecompile, Boolean ensureIsUpToDate)
   at System.Web.Compilation.BuildManager.GetCompiledAssembly(String virtualPath)
   at Orchard.Environment.DefaultBuildManager.GetCompiledAssembly(String virtualPath) in e:\GitHub\HouseParty\src\Orchard\Environment\IBuildManager.cs:line 53
2015-01-10 23:28:34,855 [125] Orchard.FileSystems.AppData.AppDataFolder - Default - Could not delete recipe execution folder E:\GitHub\HouseParty\src\Orchard.Web\App_Data\RecipeQueue\3ceab7d1df0945f39c2014c4945220ba under "App_Data" folder
2015-01-10 23:28:47,108 [125] Orchard.Environment.DefaultBuildManager - Default - Error when compiling assembly under ~/Modules/SoftIT.HouseParty/SoftIT.HouseParty.csproj.
System.Web.HttpCompileException (0x80004005): e:\GitHub\HouseParty\src\Orchard.Web\Modules\SoftIT.HouseParty\Drivers\PartyPartDriver.cs(29): error CS1061: 'SoftIT.HouseParty.Models.PartyPart' does not contain a definition for 'Organizer' and no extension method 'Organizer' accepting a first argument of type 'SoftIT.HouseParty.Models.PartyPart' could be found (are you missing a using directive or an assembly reference?)
   at System.Web.Compilation.AssemblyBuilder.Compile()
   at System.Web.Compilation.BuildProvidersCompiler.PerformBuild()
   at System.Web.Compilation.BuildManager.CompileWebFile(VirtualPath virtualPath)
   at System.Web.Compilation.BuildManager.GetVPathBuildResultInternal(VirtualPath virtualPath, Boolean noBuild, Boolean allowCrossApp, Boolean allowBuildInPrecompile, Boolean throwIfNotFound, Boolean ensureIsUpToDate)
   at System.Web.Compilation.BuildManager.GetVPathBuildResultWithNoAssert(HttpContext context, VirtualPath virtualPath, Boolean noBuild, Boolean allowCrossApp, Boolean allowBuildInPrecompile, Boolean throwIfNotFound, Boolean ensureIsUpToDate)
   at System.Web.Compilation.BuildManager.GetVPathBuildResult(HttpContext context, VirtualPath virtualPath, Boolean noBuild, Boolean allowCrossApp, Boolean allowBuildInPrecompile, Boolean ensureIsUpToDate)
   at System.Web.Compilation.BuildManager.GetCompiledAssembly(String virtualPath)
   at Orchard.Environment.DefaultBuildManager.GetCompiledAssembly(String virtualPath) in e:\GitHub\HouseParty\src\Orchard\Environment\IBuildManager.cs:line 53
2015-01-10 23:28:47,116 [125] Orchard.Environment.DefaultBuildManager - Default - Error when compiling assembly under ~/Modules/SoftIT.HouseParty/SoftIT.HouseParty.csproj.
System.Web.HttpCompileException (0x80004005): e:\GitHub\HouseParty\src\Orchard.Web\Modules\SoftIT.HouseParty\Drivers\PartyPartDriver.cs(29): error CS1061: 'SoftIT.HouseParty.Models.PartyPart' does not contain a definition for 'Organizer' and no extension method 'Organizer' accepting a first argument of type 'SoftIT.HouseParty.Models.PartyPart' could be found (are you missing a using directive or an assembly reference?)
   at System.Web.Compilation.BuildManager.PostProcessFoundBuildResult(BuildResult result, Boolean keyFromVPP, VirtualPath virtualPath)
   at System.Web.Compilation.BuildManager.GetBuildResultFromCacheInternal(String cacheKey, Boolean keyFromVPP, VirtualPath virtualPath, Int64 hashCode, Boolean ensureIsUpToDate)
   at System.Web.Compilation.BuildManager.GetVPathBuildResultFromCacheInternal(VirtualPath virtualPath, Boolean ensureIsUpToDate)
   at System.Web.Compilation.BuildManager.GetVPathBuildResultInternal(VirtualPath virtualPath, Boolean noBuild, Boolean allowCrossApp, Boolean allowBuildInPrecompile, Boolean throwIfNotFound, Boolean ensureIsUpToDate)
   at System.Web.Compilation.BuildManager.GetVPathBuildResultWithNoAssert(HttpContext context, VirtualPath virtualPath, Boolean noBuild, Boolean allowCrossApp, Boolean allowBuildInPrecompile, Boolean throwIfNotFound, Boolean ensureIsUpToDate)
   at System.Web.Compilation.BuildManager.GetVPathBuildResult(HttpContext context, VirtualPath virtualPath, Boolean noBuild, Boolean allowCrossApp, Boolean allowBuildInPrecompile, Boolean ensureIsUpToDate)
   at System.Web.Compilation.BuildManager.GetCompiledAssembly(String virtualPath)
   at Orchard.Environment.DefaultBuildManager.GetCompiledAssembly(String virtualPath) in e:\GitHub\HouseParty\src\Orchard\Environment\IBuildManager.cs:line 53
2015-01-10 23:28:47,122 [125] Orchard.Environment.DefaultBuildManager - Default - Error when compiling assembly under ~/Modules/SoftIT.HouseParty/SoftIT.HouseParty.csproj.
System.Web.HttpCompileException (0x80004005): e:\GitHub\HouseParty\src\Orchard.Web\Modules\SoftIT.HouseParty\Drivers\PartyPartDriver.cs(29): error CS1061: 'SoftIT.HouseParty.Models.PartyPart' does not contain a definition for 'Organizer' and no extension method 'Organizer' accepting a first argument of type 'SoftIT.HouseParty.Models.PartyPart' could be found (are you missing a using directive or an assembly reference?)
   at System.Web.Compilation.BuildManager.PostProcessFoundBuildResult(BuildResult result, Boolean keyFromVPP, VirtualPath virtualPath)
   at System.Web.Compilation.BuildManager.GetBuildResultFromCacheInternal(String cacheKey, Boolean keyFromVPP, VirtualPath virtualPath, Int64 hashCode, Boolean ensureIsUpToDate)
   at System.Web.Compilation.BuildManager.GetVPathBuildResultFromCacheInternal(VirtualPath virtualPath, Boolean ensureIsUpToDate)
   at System.Web.Compilation.BuildManager.GetVPathBuildResultInternal(VirtualPath virtualPath, Boolean noBuild, Boolean allowCrossApp, Boolean allowBuildInPrecompile, Boolean throwIfNotFound, Boolean ensureIsUpToDate)
   at System.Web.Compilation.BuildManager.GetVPathBuildResultWithNoAssert(HttpContext context, VirtualPath virtualPath, Boolean noBuild, Boolean allowCrossApp, Boolean allowBuildInPrecompile, Boolean throwIfNotFound, Boolean ensureIsUpToDate)
   at System.Web.Compilation.BuildManager.GetVPathBuildResult(HttpContext context, VirtualPath virtualPath, Boolean noBuild, Boolean allowCrossApp, Boolean allowBuildInPrecompile, Boolean ensureIsUpToDate)
   at System.Web.Compilation.BuildManager.GetCompiledAssembly(String virtualPath)
   at Orchard.Environment.DefaultBuildManager.GetCompiledAssembly(String virtualPath) in e:\GitHub\HouseParty\src\Orchard\Environment\IBuildManager.cs:line 53
2015-01-10 23:28:47,129 [125] Orchard.Environment.DefaultBuildManager - Default - Error when compiling assembly under ~/Modules/SoftIT.HouseParty/SoftIT.HouseParty.csproj.
System.Web.HttpCompileException (0x80004005): e:\GitHub\HouseParty\src\Orchard.Web\Modules\SoftIT.HouseParty\Drivers\PartyPartDriver.cs(29): error CS1061: 'SoftIT.HouseParty.Models.PartyPart' does not contain a definition for 'Organizer' and no extension method 'Organizer' accepting a first argument of type 'SoftIT.HouseParty.Models.PartyPart' could be found (are you missing a using directive or an assembly reference?)
   at System.Web.Compilation.BuildManager.PostProcessFoundBuildResult(BuildResult result, Boolean keyFromVPP, VirtualPath virtualPath)
   at System.Web.Compilation.BuildManager.GetBuildResultFromCacheInternal(String cacheKey, Boolean keyFromVPP, VirtualPath virtualPath, Int64 hashCode, Boolean ensureIsUpToDate)
   at System.Web.Compilation.BuildManager.GetVPathBuildResultFromCacheInternal(VirtualPath virtualPath, Boolean ensureIsUpToDate)
   at System.Web.Compilation.BuildManager.GetVPathBuildResultInternal(VirtualPath virtualPath, Boolean noBuild, Boolean allowCrossApp, Boolean allowBuildInPrecompile, Boolean throwIfNotFound, Boolean ensureIsUpToDate)
   at System.Web.Compilation.BuildManager.GetVPathBuildResultWithNoAssert(HttpContext context, VirtualPath virtualPath, Boolean noBuild, Boolean allowCrossApp, Boolean allowBuildInPrecompile, Boolean throwIfNotFound, Boolean ensureIsUpToDate)
   at System.Web.Compilation.BuildManager.GetVPathBuildResult(HttpContext context, VirtualPath virtualPath, Boolean noBuild, Boolean allowCrossApp, Boolean allowBuildInPrecompile, Boolean ensureIsUpToDate)
   at System.Web.Compilation.BuildManager.GetCompiledAssembly(String virtualPath)
   at Orchard.Environment.DefaultBuildManager.GetCompiledAssembly(String virtualPath) in e:\GitHub\HouseParty\src\Orchard\Environment\IBuildManager.cs:line 53
2015-01-10 23:28:47,137 [125] Orchard.Environment.DefaultBuildManager - Default - Error when compiling assembly under ~/Modules/SoftIT.HouseParty/SoftIT.HouseParty.csproj.
System.Web.HttpCompileException (0x80004005): e:\GitHub\HouseParty\src\Orchard.Web\Modules\SoftIT.HouseParty\Drivers\PartyPartDriver.cs(29): error CS1061: 'SoftIT.HouseParty.Models.PartyPart' does not contain a definition for 'Organizer' and no extension method 'Organizer' accepting a first argument of type 'SoftIT.HouseParty.Models.PartyPart' could be found (are you missing a using directive or an assembly reference?)
   at System.Web.Compilation.BuildManager.PostProcessFoundBuildResult(BuildResult result, Boolean keyFromVPP, VirtualPath virtualPath)
   at System.Web.Compilation.BuildManager.GetBuildResultFromCacheInternal(String cacheKey, Boolean keyFromVPP, VirtualPath virtualPath, Int64 hashCode, Boolean ensureIsUpToDate)
   at System.Web.Compilation.BuildManager.GetVPathBuildResultFromCacheInternal(VirtualPath virtualPath, Boolean ensureIsUpToDate)
   at System.Web.Compilation.BuildManager.GetVPathBuildResultInternal(VirtualPath virtualPath, Boolean noBuild, Boolean allowCrossApp, Boolean allowBuildInPrecompile, Boolean throwIfNotFound, Boolean ensureIsUpToDate)
   at System.Web.Compilation.BuildManager.GetVPathBuildResultWithNoAssert(HttpContext context, VirtualPath virtualPath, Boolean noBuild, Boolean allowCrossApp, Boolean allowBuildInPrecompile, Boolean throwIfNotFound, Boolean ensureIsUpToDate)
   at System.Web.Compilation.BuildManager.GetVPathBuildResult(HttpContext context, VirtualPath virtualPath, Boolean noBuild, Boolean allowCrossApp, Boolean allowBuildInPrecompile, Boolean ensureIsUpToDate)
   at System.Web.Compilation.BuildManager.GetCompiledAssembly(String virtualPath)
   at Orchard.Environment.DefaultBuildManager.GetCompiledAssembly(String virtualPath) in e:\GitHub\HouseParty\src\Orchard\Environment\IBuildManager.cs:line 53
2015-01-10 23:28:47,150 [125] Orchard.Environment.DefaultBuildManager - Default - Error when compiling assembly under ~/Modules/SoftIT.HouseParty/SoftIT.HouseParty.csproj.
System.Web.HttpCompileException (0x80004005): e:\GitHub\HouseParty\src\Orchard.Web\Modules\SoftIT.HouseParty\Drivers\PartyPartDriver.cs(29): error CS1061: 'SoftIT.HouseParty.Models.PartyPart' does not contain a definition for 'Organizer' and no extension method 'Organizer' accepting a first argument of type 'SoftIT.HouseParty.Models.PartyPart' could be found (are you missing a using directive or an assembly reference?)
   at System.Web.Compilation.BuildManager.PostProcessFoundBuildResult(BuildResult result, Boolean keyFromVPP, VirtualPath virtualPath)
   at System.Web.Compilation.BuildManager.GetBuildResultFromCacheInternal(String cacheKey, Boolean keyFromVPP, VirtualPath virtualPath, Int64 hashCode, Boolean ensureIsUpToDate)
   at System.Web.Compilation.BuildManager.GetVPathBuildResultFromCacheInternal(VirtualPath virtualPath, Boolean ensureIsUpToDate)
   at System.Web.Compilation.BuildManager.GetVPathBuildResultInternal(VirtualPath virtualPath, Boolean noBuild, Boolean allowCrossApp, Boolean allowBuildInPrecompile, Boolean throwIfNotFound, Boolean ensureIsUpToDate)
   at System.Web.Compilation.BuildManager.GetVPathBuildResultWithNoAssert(HttpContext context, VirtualPath virtualPath, Boolean noBuild, Boolean allowCrossApp, Boolean allowBuildInPrecompile, Boolean throwIfNotFound, Boolean ensureIsUpToDate)
   at System.Web.Compilation.BuildManager.GetVPathBuildResult(HttpContext context, VirtualPath virtualPath, Boolean noBuild, Boolean allowCrossApp, Boolean allowBuildInPrecompile, Boolean ensureIsUpToDate)
   at System.Web.Compilation.BuildManager.GetCompiledAssembly(String virtualPath)
   at Orchard.Environment.DefaultBuildManager.GetCompiledAssembly(String virtualPath) in e:\GitHub\HouseParty\src\Orchard\Environment\IBuildManager.cs:line 53
2015-01-10 23:29:07,643 [10] Orchard.Environment.DefaultBuildManager - (null) - Error when compiling assembly under ~/Modules/SoftIT.HouseParty/SoftIT.HouseParty.csproj.
System.Web.HttpCompileException (0x80004005): e:\GitHub\HouseParty\src\Orchard.Web\Modules\SoftIT.HouseParty\Drivers\PartyPartDriver.cs(29): error CS1061: 'SoftIT.HouseParty.Models.PartyPart' does not contain a definition for 'Organizer' and no extension method 'Organizer' accepting a first argument of type 'SoftIT.HouseParty.Models.PartyPart' could be found (are you missing a using directive or an assembly reference?)
   at System.Web.Compilation.AssemblyBuilder.Compile()
   at System.Web.Compilation.BuildProvidersCompiler.PerformBuild()
   at System.Web.Compilation.BuildManager.CompileWebFile(VirtualPath virtualPath)
   at System.Web.Compilation.BuildManager.GetVPathBuildResultInternal(VirtualPath virtualPath, Boolean noBuild, Boolean allowCrossApp, Boolean allowBuildInPrecompile, Boolean throwIfNotFound, Boolean ensureIsUpToDate)
   at System.Web.Compilation.BuildManager.GetVPathBuildResultWithNoAssert(HttpContext context, VirtualPath virtualPath, Boolean noBuild, Boolean allowCrossApp, Boolean allowBuildInPrecompile, Boolean throwIfNotFound, Boolean ensureIsUpToDate)
   at System.Web.Compilation.BuildManager.GetVPathBuildResult(HttpContext context, VirtualPath virtualPath, Boolean noBuild, Boolean allowCrossApp, Boolean allowBuildInPrecompile, Boolean ensureIsUpToDate)
   at System.Web.Compilation.BuildManager.GetCompiledAssembly(String virtualPath)
   at Orchard.Environment.DefaultBuildManager.GetCompiledAssembly(String virtualPath) in e:\GitHub\HouseParty\src\Orchard\Environment\IBuildManager.cs:line 53
2015-01-10 23:29:07,644 [10] Orchard.Environment.Extensions.ExtensionManager - (null) - No suitable loader found for extension "SoftIT.HouseParty"
2015-01-10 23:31:06,434 [95] Orchard.Environment.DefaultBuildManager - (null) - Error when compiling assembly under ~/Modules/SoftIT.HouseParty/SoftIT.HouseParty.csproj.
System.Web.HttpCompileException (0x80004005): e:\GitHub\HouseParty\src\Orchard.Web\Modules\SoftIT.HouseParty\Drivers\PartyPartDriver.cs(29): error CS1061: 'SoftIT.HouseParty.Models.PartyPart' does not contain a definition for 'Organizer' and no extension method 'Organizer' accepting a first argument of type 'SoftIT.HouseParty.Models.PartyPart' could be found (are you missing a using directive or an assembly reference?)
   at System.Web.Compilation.AssemblyBuilder.Compile()
   at System.Web.Compilation.BuildProvidersCompiler.PerformBuild()
   at System.Web.Compilation.BuildManager.CompileWebFile(VirtualPath virtualPath)
   at System.Web.Compilation.BuildManager.GetVPathBuildResultInternal(VirtualPath virtualPath, Boolean noBuild, Boolean allowCrossApp, Boolean allowBuildInPrecompile, Boolean throwIfNotFound, Boolean ensureIsUpToDate)
   at System.Web.Compilation.BuildManager.GetVPathBuildResultWithNoAssert(HttpContext context, VirtualPath virtualPath, Boolean noBuild, Boolean allowCrossApp, Boolean allowBuildInPrecompile, Boolean throwIfNotFound, Boolean ensureIsUpToDate)
   at System.Web.Compilation.BuildManager.GetVPathBuildResult(HttpContext context, VirtualPath virtualPath, Boolean noBuild, Boolean allowCrossApp, Boolean allowBuildInPrecompile, Boolean ensureIsUpToDate)
   at System.Web.Compilation.BuildManager.GetCompiledAssembly(String virtualPath)
   at Orchard.Environment.DefaultBuildManager.GetCompiledAssembly(String virtualPath) in e:\GitHub\HouseParty\src\Orchard\Environment\IBuildManager.cs:line 53
2015-01-10 23:31:06,443 [95] Orchard.Environment.Extensions.ExtensionManager - (null) - No suitable loader found for extension "SoftIT.HouseParty"
2015-01-10 23:31:10,438 [86] Orchard.Environment.DefaultBuildManager - (null) - Error when compiling assembly under ~/Modules/SoftIT.HouseParty/SoftIT.HouseParty.csproj.
System.Web.HttpCompileException (0x80004005): e:\GitHub\HouseParty\src\Orchard.Web\Modules\SoftIT.HouseParty\Drivers\PartyPartDriver.cs(29): error CS1061: 'SoftIT.HouseParty.Models.PartyPart' does not contain a definition for 'Organizer' and no extension method 'Organizer' accepting a first argument of type 'SoftIT.HouseParty.Models.PartyPart' could be found (are you missing a using directive or an assembly reference?)
   at System.Web.Compilation.BuildManager.PostProcessFoundBuildResult(BuildResult result, Boolean keyFromVPP, VirtualPath virtualPath)
   at System.Web.Compilation.BuildManager.GetBuildResultFromCacheInternal(String cacheKey, Boolean keyFromVPP, VirtualPath virtualPath, Int64 hashCode, Boolean ensureIsUpToDate)
   at System.Web.Compilation.BuildManager.GetVPathBuildResultFromCacheInternal(VirtualPath virtualPath, Boolean ensureIsUpToDate)
   at System.Web.Compilation.BuildManager.GetVPathBuildResultInternal(VirtualPath virtualPath, Boolean noBuild, Boolean allowCrossApp, Boolean allowBuildInPrecompile, Boolean throwIfNotFound, Boolean ensureIsUpToDate)
   at System.Web.Compilation.BuildManager.GetVPathBuildResultWithNoAssert(HttpContext context, VirtualPath virtualPath, Boolean noBuild, Boolean allowCrossApp, Boolean allowBuildInPrecompile, Boolean throwIfNotFound, Boolean ensureIsUpToDate)
   at System.Web.Compilation.BuildManager.GetVPathBuildResult(HttpContext context, VirtualPath virtualPath, Boolean noBuild, Boolean allowCrossApp, Boolean allowBuildInPrecompile, Boolean ensureIsUpToDate)
   at System.Web.Compilation.BuildManager.GetCompiledAssembly(String virtualPath)
   at Orchard.Environment.DefaultBuildManager.GetCompiledAssembly(String virtualPath) in e:\GitHub\HouseParty\src\Orchard\Environment\IBuildManager.cs:line 53
2015-01-10 23:31:10,455 [86] Orchard.Environment.DefaultBuildManager - (null) - Error when compiling assembly under ~/Modules/SoftIT.HouseParty/SoftIT.HouseParty.csproj.
System.Web.HttpCompileException (0x80004005): e:\GitHub\HouseParty\src\Orchard.Web\Modules\SoftIT.HouseParty\Drivers\PartyPartDriver.cs(29): error CS1061: 'SoftIT.HouseParty.Models.PartyPart' does not contain a definition for 'Organizer' and no extension method 'Organizer' accepting a first argument of type 'SoftIT.HouseParty.Models.PartyPart' could be found (are you missing a using directive or an assembly reference?)
   at System.Web.Compilation.BuildManager.PostProcessFoundBuildResult(BuildResult result, Boolean keyFromVPP, VirtualPath virtualPath)
   at System.Web.Compilation.BuildManager.GetBuildResultFromCacheInternal(String cacheKey, Boolean keyFromVPP, VirtualPath virtualPath, Int64 hashCode, Boolean ensureIsUpToDate)
   at System.Web.Compilation.BuildManager.GetVPathBuildResultFromCacheInternal(VirtualPath virtualPath, Boolean ensureIsUpToDate)
   at System.Web.Compilation.BuildManager.GetVPathBuildResultInternal(VirtualPath virtualPath, Boolean noBuild, Boolean allowCrossApp, Boolean allowBuildInPrecompile, Boolean throwIfNotFound, Boolean ensureIsUpToDate)
   at System.Web.Compilation.BuildManager.GetVPathBuildResultWithNoAssert(HttpContext context, VirtualPath virtualPath, Boolean noBuild, Boolean allowCrossApp, Boolean allowBuildInPrecompile, Boolean throwIfNotFound, Boolean ensureIsUpToDate)
   at System.Web.Compilation.BuildManager.GetVPathBuildResult(HttpContext context, VirtualPath virtualPath, Boolean noBuild, Boolean allowCrossApp, Boolean allowBuildInPrecompile, Boolean ensureIsUpToDate)
   at System.Web.Compilation.BuildManager.GetCompiledAssembly(String virtualPath)
   at Orchard.Environment.DefaultBuildManager.GetCompiledAssembly(String virtualPath) in e:\GitHub\HouseParty\src\Orchard\Environment\IBuildManager.cs:line 53
2015-01-10 23:31:10,472 [86] Orchard.Environment.DefaultBuildManager - (null) - Error when compiling assembly under ~/Modules/SoftIT.HouseParty/SoftIT.HouseParty.csproj.
System.Web.HttpCompileException (0x80004005): e:\GitHub\HouseParty\src\Orchard.Web\Modules\SoftIT.HouseParty\Drivers\PartyPartDriver.cs(29): error CS1061: 'SoftIT.HouseParty.Models.PartyPart' does not contain a definition for 'Organizer' and no extension method 'Organizer' accepting a first argument of type 'SoftIT.HouseParty.Models.PartyPart' could be found (are you missing a using directive or an assembly reference?)
   at System.Web.Compilation.BuildManager.PostProcessFoundBuildResult(BuildResult result, Boolean keyFromVPP, VirtualPath virtualPath)
   at System.Web.Compilation.BuildManager.GetBuildResultFromCacheInternal(String cacheKey, Boolean keyFromVPP, VirtualPath virtualPath, Int64 hashCode, Boolean ensureIsUpToDate)
   at System.Web.Compilation.BuildManager.GetVPathBuildResultFromCacheInternal(VirtualPath virtualPath, Boolean ensureIsUpToDate)
   at System.Web.Compilation.BuildManager.GetVPathBuildResultInternal(VirtualPath virtualPath, Boolean noBuild, Boolean allowCrossApp, Boolean allowBuildInPrecompile, Boolean throwIfNotFound, Boolean ensureIsUpToDate)
   at System.Web.Compilation.BuildManager.GetVPathBuildResultWithNoAssert(HttpContext context, VirtualPath virtualPath, Boolean noBuild, Boolean allowCrossApp, Boolean allowBuildInPrecompile, Boolean throwIfNotFound, Boolean ensureIsUpToDate)
   at System.Web.Compilation.BuildManager.GetVPathBuildResult(HttpContext context, VirtualPath virtualPath, Boolean noBuild, Boolean allowCrossApp, Boolean allowBuildInPrecompile, Boolean ensureIsUpToDate)
   at System.Web.Compilation.BuildManager.GetCompiledAssembly(String virtualPath)
   at Orchard.Environment.DefaultBuildManager.GetCompiledAssembly(String virtualPath) in e:\GitHub\HouseParty\src\Orchard\Environment\IBuildManager.cs:line 53
2015-01-10 23:31:10,489 [86] Orchard.Environment.DefaultBuildManager - (null) - Error when compiling assembly under ~/Modules/SoftIT.HouseParty/SoftIT.HouseParty.csproj.
System.Web.HttpCompileException (0x80004005): e:\GitHub\HouseParty\src\Orchard.Web\Modules\SoftIT.HouseParty\Drivers\PartyPartDriver.cs(29): error CS1061: 'SoftIT.HouseParty.Models.PartyPart' does not contain a definition for 'Organizer' and no extension method 'Organizer' accepting a first argument of type 'SoftIT.HouseParty.Models.PartyPart' could be found (are you missing a using directive or an assembly reference?)
   at System.Web.Compilation.BuildManager.PostProcessFoundBuildResult(BuildResult result, Boolean keyFromVPP, VirtualPath virtualPath)
   at System.Web.Compilation.BuildManager.GetBuildResultFromCacheInternal(String cacheKey, Boolean keyFromVPP, VirtualPath virtualPath, Int64 hashCode, Boolean ensureIsUpToDate)
   at System.Web.Compilation.BuildManager.GetVPathBuildResultFromCacheInternal(VirtualPath virtualPath, Boolean ensureIsUpToDate)
   at System.Web.Compilation.BuildManager.GetVPathBuildResultInternal(VirtualPath virtualPath, Boolean noBuild, Boolean allowCrossApp, Boolean allowBuildInPrecompile, Boolean throwIfNotFound, Boolean ensureIsUpToDate)
   at System.Web.Compilation.BuildManager.GetVPathBuildResultWithNoAssert(HttpContext context, VirtualPath virtualPath, Boolean noBuild, Boolean allowCrossApp, Boolean allowBuildInPrecompile, Boolean throwIfNotFound, Boolean ensureIsUpToDate)
   at System.Web.Compilation.BuildManager.GetVPathBuildResult(HttpContext context, VirtualPath virtualPath, Boolean noBuild, Boolean allowCrossApp, Boolean allowBuildInPrecompile, Boolean ensureIsUpToDate)
   at System.Web.Compilation.BuildManager.GetCompiledAssembly(String virtualPath)
   at Orchard.Environment.DefaultBuildManager.GetCompiledAssembly(String virtualPath) in e:\GitHub\HouseParty\src\Orchard\Environment\IBuildManager.cs:line 53
2015-01-10 23:31:10,500 [86] Orchard.Environment.DefaultBuildManager - (null) - Error when compiling assembly under ~/Modules/SoftIT.HouseParty/SoftIT.HouseParty.csproj.
System.Web.HttpCompileException (0x80004005): e:\GitHub\HouseParty\src\Orchard.Web\Modules\SoftIT.HouseParty\Drivers\PartyPartDriver.cs(29): error CS1061: 'SoftIT.HouseParty.Models.PartyPart' does not contain a definition for 'Organizer' and no extension method 'Organizer' accepting a first argument of type 'SoftIT.HouseParty.Models.PartyPart' could be found (are you missing a using directive or an assembly reference?)
   at System.Web.Compilation.BuildManager.PostProcessFoundBuildResult(BuildResult result, Boolean keyFromVPP, VirtualPath virtualPath)
   at System.Web.Compilation.BuildManager.GetBuildResultFromCacheInternal(String cacheKey, Boolean keyFromVPP, VirtualPath virtualPath, Int64 hashCode, Boolean ensureIsUpToDate)
   at System.Web.Compilation.BuildManager.GetVPathBuildResultFromCacheInternal(VirtualPath virtualPath, Boolean ensureIsUpToDate)
   at System.Web.Compilation.BuildManager.GetVPathBuildResultInternal(VirtualPath virtualPath, Boolean noBuild, Boolean allowCrossApp, Boolean allowBuildInPrecompile, Boolean throwIfNotFound, Boolean ensureIsUpToDate)
   at System.Web.Compilation.BuildManager.GetVPathBuildResultWithNoAssert(HttpContext context, VirtualPath virtualPath, Boolean noBuild, Boolean allowCrossApp, Boolean allowBuildInPrecompile, Boolean throwIfNotFound, Boolean ensureIsUpToDate)
   at System.Web.Compilation.BuildManager.GetVPathBuildResult(HttpContext context, VirtualPath virtualPath, Boolean noBuild, Boolean allowCrossApp, Boolean allowBuildInPrecompile, Boolean ensureIsUpToDate)
   at System.Web.Compilation.BuildManager.GetCompiledAssembly(String virtualPath)
   at Orchard.Environment.DefaultBuildManager.GetCompiledAssembly(String virtualPath) in e:\GitHub\HouseParty\src\Orchard\Environment\IBuildManager.cs:line 53
2015-01-10 23:31:10,512 [86] Orchard.Environment.DefaultBuildManager - (null) - Error when compiling assembly under ~/Modules/SoftIT.HouseParty/SoftIT.HouseParty.csproj.
System.Web.HttpCompileException (0x80004005): e:\GitHub\HouseParty\src\Orchard.Web\Modules\SoftIT.HouseParty\Drivers\PartyPartDriver.cs(29): error CS1061: 'SoftIT.HouseParty.Models.PartyPart' does not contain a definition for 'Organizer' and no extension method 'Organizer' accepting a first argument of type 'SoftIT.HouseParty.Models.PartyPart' could be found (are you missing a using directive or an assembly reference?)
   at System.Web.Compilation.BuildManager.PostProcessFoundBuildResult(BuildResult result, Boolean keyFromVPP, VirtualPath virtualPath)
   at System.Web.Compilation.BuildManager.GetBuildResultFromCacheInternal(String cacheKey, Boolean keyFromVPP, VirtualPath virtualPath, Int64 hashCode, Boolean ensureIsUpToDate)
   at System.Web.Compilation.BuildManager.GetVPathBuildResultFromCacheInternal(VirtualPath virtualPath, Boolean ensureIsUpToDate)
   at System.Web.Compilation.BuildManager.GetVPathBuildResultInternal(VirtualPath virtualPath, Boolean noBuild, Boolean allowCrossApp, Boolean allowBuildInPrecompile, Boolean throwIfNotFound, Boolean ensureIsUpToDate)
   at System.Web.Compilation.BuildManager.GetVPathBuildResultWithNoAssert(HttpContext context, VirtualPath virtualPath, Boolean noBuild, Boolean allowCrossApp, Boolean allowBuildInPrecompile, Boolean throwIfNotFound, Boolean ensureIsUpToDate)
   at System.Web.Compilation.BuildManager.GetVPathBuildResult(HttpContext context, VirtualPath virtualPath, Boolean noBuild, Boolean allowCrossApp, Boolean allowBuildInPrecompile, Boolean ensureIsUpToDate)
   at System.Web.Compilation.BuildManager.GetCompiledAssembly(String virtualPath)
   at Orchard.Environment.DefaultBuildManager.GetCompiledAssembly(String virtualPath) in e:\GitHub\HouseParty\src\Orchard\Environment\IBuildManager.cs:line 53
2015-01-10 23:31:10,532 [86] Orchard.Environment.DefaultBuildManager - (null) - Error when compiling assembly under ~/Modules/SoftIT.HouseParty/SoftIT.HouseParty.csproj.
System.Web.HttpCompileException (0x80004005): e:\GitHub\HouseParty\src\Orchard.Web\Modules\SoftIT.HouseParty\Drivers\PartyPartDriver.cs(29): error CS1061: 'SoftIT.HouseParty.Models.PartyPart' does not contain a definition for 'Organizer' and no extension method 'Organizer' accepting a first argument of type 'SoftIT.HouseParty.Models.PartyPart' could be found (are you missing a using directive or an assembly reference?)
   at System.Web.Compilation.BuildManager.PostProcessFoundBuildResult(BuildResult result, Boolean keyFromVPP, VirtualPath virtualPath)
   at System.Web.Compilation.BuildManager.GetBuildResultFromCacheInternal(String cacheKey, Boolean keyFromVPP, VirtualPath virtualPath, Int64 hashCode, Boolean ensureIsUpToDate)
   at System.Web.Compilation.BuildManager.GetVPathBuildResultFromCacheInternal(VirtualPath virtualPath, Boolean ensureIsUpToDate)
   at System.Web.Compilation.BuildManager.GetVPathBuildResultInternal(VirtualPath virtualPath, Boolean noBuild, Boolean allowCrossApp, Boolean allowBuildInPrecompile, Boolean throwIfNotFound, Boolean ensureIsUpToDate)
   at System.Web.Compilation.BuildManager.GetVPathBuildResultWithNoAssert(HttpContext context, VirtualPath virtualPath, Boolean noBuild, Boolean allowCrossApp, Boolean allowBuildInPrecompile, Boolean throwIfNotFound, Boolean ensureIsUpToDate)
   at System.Web.Compilation.BuildManager.GetVPathBuildResult(HttpContext context, VirtualPath virtualPath, Boolean noBuild, Boolean allowCrossApp, Boolean allowBuildInPrecompile, Boolean ensureIsUpToDate)
   at System.Web.Compilation.BuildManager.GetCompiledAssembly(String virtualPath)
   at Orchard.Environment.DefaultBuildManager.GetCompiledAssembly(String virtualPath) in e:\GitHub\HouseParty\src\Orchard\Environment\IBuildManager.cs:line 53
2015-01-10 23:31:10,541 [86] Orchard.Environment.DefaultBuildManager - (null) - Error when compiling assembly under ~/Modules/SoftIT.HouseParty/SoftIT.HouseParty.csproj.
System.Web.HttpCompileException (0x80004005): e:\GitHub\HouseParty\src\Orchard.Web\Modules\SoftIT.HouseParty\Drivers\PartyPartDriver.cs(29): error CS1061: 'SoftIT.HouseParty.Models.PartyPart' does not contain a definition for 'Organizer' and no extension method 'Organizer' accepting a first argument of type 'SoftIT.HouseParty.Models.PartyPart' could be found (are you missing a using directive or an assembly reference?)
   at System.Web.Compilation.BuildManager.PostProcessFoundBuildResult(BuildResult result, Boolean keyFromVPP, VirtualPath virtualPath)
   at System.Web.Compilation.BuildManager.GetBuildResultFromCacheInternal(String cacheKey, Boolean keyFromVPP, VirtualPath virtualPath, Int64 hashCode, Boolean ensureIsUpToDate)
   at System.Web.Compilation.BuildManager.GetVPathBuildResultFromCacheInternal(VirtualPath virtualPath, Boolean ensureIsUpToDate)
   at System.Web.Compilation.BuildManager.GetVPathBuildResultInternal(VirtualPath virtualPath, Boolean noBuild, Boolean allowCrossApp, Boolean allowBuildInPrecompile, Boolean throwIfNotFound, Boolean ensureIsUpToDate)
   at System.Web.Compilation.BuildManager.GetVPathBuildResultWithNoAssert(HttpContext context, VirtualPath virtualPath, Boolean noBuild, Boolean allowCrossApp, Boolean allowBuildInPrecompile, Boolean throwIfNotFound, Boolean ensureIsUpToDate)
   at System.Web.Compilation.BuildManager.GetVPathBuildResult(HttpContext context, VirtualPath virtualPath, Boolean noBuild, Boolean allowCrossApp, Boolean allowBuildInPrecompile, Boolean ensureIsUpToDate)
   at System.Web.Compilation.BuildManager.GetCompiledAssembly(String virtualPath)
   at Orchard.Environment.DefaultBuildManager.GetCompiledAssembly(String virtualPath) in e:\GitHub\HouseParty\src\Orchard\Environment\IBuildManager.cs:line 53
2015-01-10 23:31:10,550 [86] Orchard.Environment.DefaultBuildManager - (null) - Error when compiling assembly under ~/Modules/SoftIT.HouseParty/SoftIT.HouseParty.csproj.
System.Web.HttpCompileException (0x80004005): e:\GitHub\HouseParty\src\Orchard.Web\Modules\SoftIT.HouseParty\Drivers\PartyPartDriver.cs(29): error CS1061: 'SoftIT.HouseParty.Models.PartyPart' does not contain a definition for 'Organizer' and no extension method 'Organizer' accepting a first argument of type 'SoftIT.HouseParty.Models.PartyPart' could be found (are you missing a using directive or an assembly reference?)
   at System.Web.Compilation.BuildManager.PostProcessFoundBuildResult(BuildResult result, Boolean keyFromVPP, VirtualPath virtualPath)
   at System.Web.Compilation.BuildManager.GetBuildResultFromCacheInternal(String cacheKey, Boolean keyFromVPP, VirtualPath virtualPath, Int64 hashCode, Boolean ensureIsUpToDate)
   at System.Web.Compilation.BuildManager.GetVPathBuildResultFromCacheInternal(VirtualPath virtualPath, Boolean ensureIsUpToDate)
   at System.Web.Compilation.BuildManager.GetVPathBuildResultInternal(VirtualPath virtualPath, Boolean noBuild, Boolean allowCrossApp, Boolean allowBuildInPrecompile, Boolean throwIfNotFound, Boolean ensureIsUpToDate)
   at System.Web.Compilation.BuildManager.GetVPathBuildResultWithNoAssert(HttpContext context, VirtualPath virtualPath, Boolean noBuild, Boolean allowCrossApp, Boolean allowBuildInPrecompile, Boolean throwIfNotFound, Boolean ensureIsUpToDate)
   at System.Web.Compilation.BuildManager.GetVPathBuildResult(HttpContext context, VirtualPath virtualPath, Boolean noBuild, Boolean allowCrossApp, Boolean allowBuildInPrecompile, Boolean ensureIsUpToDate)
   at System.Web.Compilation.BuildManager.GetCompiledAssembly(String virtualPath)
   at Orchard.Environment.DefaultBuildManager.GetCompiledAssembly(String virtualPath) in e:\GitHub\HouseParty\src\Orchard\Environment\IBuildManager.cs:line 53
